╭─────────────╮                                                                                                                                                                                                       
│ ☘ Finished. │                                                                                                                                                                                                       
╰─────────────╯                                                                                                                                                                                                       
├── Found extension AbstractParagraphExtension                                                                                                                                                                        
├── Found extension WeekplanTableClassExtension                                                                                                                                                                       
├── Found extension TreeParagraphExtension                                                                                                                                                                            
├── Found extension VideoExtension                                                                                                                                                                                    
├── Found extension GoalsParagraphExtension                                                                                                                                                                           
├── Found extension TipsParagraphExtension                                                                                                                                                                            
├── Found extension FigureExtension                                                                                                                                                                                   
├── Found extension RATParagraphExtension                                                                                                                                                                             
├── Found extension QuizExtension                                                                                                                                                                                     
├── Found extension GuidelineParagraphExtension                                                                                                                                                                       
├── Found extension WarningParagraphExtension                                                                                                                                                                         
├── Found extension RubricTableClassExtension                                                                                                                                                                         
├── Found extension ButtonExtension                                                                                                                                                                                   
├── Found extension StepsParagraphExtension                                                                                                                                                                           
├── Found extension TableExtension                                                                                                                                                                                    
├── Found extension DefinitionParagraphExtension                                                                                                                                                                      
├── Found extension TaskParagraphExtension                                                                                                                                                                            
├── Found extension DeliveryParagraphExtension                                                                                                                                                                        
├── Found extension DoubleParagraphExtension                                                                                                                                                                          
├── Found extension ReportParagraphExtension                                                                                                                                                                          
├── Found extension CheckParagraphExtension                                                                                                                                                                           
├── Found extension LinesExtension                                                                                                                                                                                    
├── Found extension HintExtension                                                                                                                                                                                     
├── Found extension HintParagraphExtension                                                                                                                                                                            
├── Found extension FactBoxParagraphExtension                                                                                                                                                                         
├── Found configuration file.                                                                                                                                                                                         
│   └── config.toml                                                                                                                                                                                                   
├── Loading template /Users/kraemer/Dropbox/IIK/iik-edu/templates/page.html.                                                                                                                                          
├── Using threadpool.                                                                                                                                                                                                 
└── Translated                                                                                                                                                                                                        
    ├── /Users/kraemer/Dropbox/IIK/iik-edu/docs/emneundersøkelse.html                                                                                                                                                 
    ├── /Users/kraemer/Dropbox/IIK/iik-edu/docs/plan-2023-v.html                                                                                                                                                      
    ├── /Users/kraemer/Dropbox/IIK/iik-edu/docs/plan-2022-v.html                                                                                                                                                      
    ├── /Users/kraemer/Dropbox/IIK/iik-edu/docs/plan-2021-h.html                                                                                                                                                      
    ├── /Users/kraemer/Dropbox/IIK/iik-edu/docs/hjelp.html                                                                                                                                                            
    ├── /Users/kraemer/Dropbox/IIK/iik-edu/docs/vurdering.html                                                                                                                                                        
    ├── /Users/kraemer/Dropbox/IIK/iik-edu/docs/plan-2022-h.html                                                                                                                                                      
    ├── /Users/kraemer/Dropbox/IIK/iik-edu/docs/studentkontakt.html                                                                                                                                                   
    ├── /Users/kraemer/Dropbox/IIK/iik-edu/docs/studieprogramråd.html                                                                                                                                                 
    ├── /Users/kraemer/Dropbox/IIK/iik-edu/docs/rom.html                                                                                                                                                              
    ├── /Users/kraemer/Dropbox/IIK/iik-edu/docs/miseb.html                                                                                                                                                            
    ├── /Users/kraemer/Dropbox/IIK/iik-edu/docs/lenker.html                                                                                                                                                           
    ├── /Users/kraemer/Dropbox/IIK/iik-edu/docs/læringsassistenter.html                                                                                                                                               
    ├── /Users/kraemer/Dropbox/IIK/iik-edu/docs/dialogmøter-spl.html                                                                                                                                                  
    ├── /Users/kraemer/Dropbox/IIK/iik-edu/docs/emneansvarlig.html                                                                                                                                                    
    ├── /Users/kraemer/Dropbox/IIK/iik-edu/docs/index.html                                                                                                                                                            
    ├── /Users/kraemer/Dropbox/IIK/iik-edu/docs/quiz.html                                                                                                                                                             
    ├── /Users/kraemer/Dropbox/IIK/iik-edu/docs/mssecclo.html                                                                                                                                                         
    ├── /Users/kraemer/Dropbox/IIK/iik-edu/docs/referansegruppe.html                                                                                                                                                  
    ├── /Users/kraemer/Dropbox/IIK/iik-edu/docs/laos.html                                                                                                                                                             
    ├── /Users/kraemer/Dropbox/IIK/iik-edu/docs/mdigsec.html                                                                                                                                                          
    ├── /Users/kraemer/Dropbox/IIK/iik-edu/docs/bdigsec.html                                                                                                                                                          
    ├── /Users/kraemer/Dropbox/IIK/iik-edu/docs/epostlister.html                                                                                                                                                      
    ├── /Users/kraemer/Dropbox/IIK/iik-edu/docs/studieprogramleder.html                                                                                                                                               
    ├── /Users/kraemer/Dropbox/IIK/iik-edu/docs/kullkoordinator.html                                                                                                                                                  
    ├── /Users/kraemer/Dropbox/IIK/iik-edu/docs/mis.html                                                                                                                                                              
    ├── /Users/kraemer/Dropbox/IIK/iik-edu/docs/mtkom.html                                                                                                                                                            
    └── /Users/kraemer/Dropbox/IIK/iik-edu/docs/studenter.html                                                                                                                                                        
